<?xml version="1.0" encoding="UTF-8"?>
<!-- Generated by org.testng.reporters.JUnitReportReporter -->
<testsuite hostname="LAPTOP-NTODO2EN" failures="0" tests="6" name="layertest.testdemo" time="27.071" errors="0" timestamp="2022-02-01T14:47:27 EST" skipped="0">
  <testcase classname="layertest.testdemo" name="Title" time="0.041"/>
  <system-out/>
  <testcase classname="layertest.testdemo" name="Signup" time="5.392"/>
  <system-out/>
  <testcase classname="layertest.testdemo" name="alert" time="4.097"/>
  <system-out/>
  <testcase classname="layertest.testdemo" name="login" time="5.437"/>
  <system-out/>
  <testcase classname="layertest.testdemo" name="laptop" time="4.525"/>
  <system-out/>
  <testcase classname="layertest.testdemo" name="cart" time="7.579"/>
  <system-out/>
</testsuite> <!-- layertest.testdemo -->
